<?xml version="1.0" encoding="UTF-8"?>
<testsuite name="SimpleTest" tests="1" skipped="0" failures="0" errors="0" timestamp="2018-09-28T13:42:17" hostname="Novodas-MBP-2.localdomain" time="7.463">
  <properties/>
  <testcase name="name" classname="SimpleTest" time="7.463"/>
  <system-out><![CDATA[]]></system-out>
  <system-err><![CDATA[Starting ChromeDriver 2.42.591059 (a3d9684d10d61aa0c45f6723b327283be1ebaad8) on port 8250
Only local connections are allowed.
Sep 28, 2018 3:42:19 PM org.openqa.selenium.remote.ProtocolHandshake createSession
INFO: Detected dialect: OSS
]]></system-err>
</testsuite>
