<?xml version="1.0" encoding="UTF-8"?>
<testsuite name="de.svenkroell.gymondoTest.SimpleTest" tests="1" skipped="0" failures="0" errors="0" timestamp="2018-10-08T14:10:37" hostname="Novodas-MBP-2.localdomain" time="14.729">
  <properties/>
  <testcase name="name" classname="de.svenkroell.gymondoTest.SimpleTest" time="14.729"/>
  <system-out><![CDATA[]]></system-out>
  <system-err><![CDATA[Starting ChromeDriver 2.42.591059 (a3d9684d10d61aa0c45f6723b327283be1ebaad8) on port 19793
Only local connections are allowed.
Oct 08, 2018 4:10:40 PM org.openqa.selenium.remote.ProtocolHandshake createSession
INFO: Detected dialect: OSS
]]></system-err>
</testsuite>
